<?xml version="1.0" encoding="UTF-8"?>
<!-- Generated by org.testng.reporters.JUnitXMLReporter -->
<testsuite ignored="4" hostname="DESKTOP-6VNPDG3" failures="0" tests="3" name="Test" time="3.283" errors="0" timestamp="2026-02-20T10:11:00 IST">
  <testcase classname="test.automation_testing23jan.priorityintestng" name="glass" time="2.682"/>
  <testcase classname="test.automation_testing23jan.priorityintestng" name="charger" time="0.136"/>
  <testcase classname="test.automation_testing23jan.priorityintestng" name="pen" time="0.394"/>
  <testcase classname="test.automation_testing23jan.demo_test" name="launch_fct" time="0.0">
    <ignored/>
  </testcase> <!-- launch_fct -->
  <testcase classname="test.automation_testing23jan.annotation" name="third" time="0.0">
    <ignored/>
  </testcase> <!-- third -->
  <testcase classname="test.automation_testing23jan.orangehrmtest" name="ohrm_launch" time="0.0">
    <ignored/>
  </testcase> <!-- ohrm_launch -->
  <testcase classname="test.automation_testing23jan.priorityintestng" name="apple" time="0.0">
    <ignored/>
  </testcase> <!-- apple -->
</testsuite> <!-- Test -->
