<?xml version="1.0" encoding="UTF-8"?>
<testng-results ignored="4" total="7" passed="3" failed="0" skipped="0">
  <reporter-output>
  </reporter-output>
  <suite started-at="2026-02-20T10:10:57 IST" name="FCT Suite" finished-at="2026-02-20T10:11:00 IST" duration-ms="3283">
    <groups>
    </groups>
    <test started-at="2026-02-20T10:10:57 IST" name="Test" finished-at="2026-02-20T10:11:00 IST" duration-ms="3283">
      <class name="test.automation_testing23jan.priorityintestng">
        <test-method signature="glass()[pri:1, instance:test.automation_testing23jan.priorityintestng@5d534f5d]" started-at="2026-02-20T10:10:57 IST" name="glass" finished-at="2026-02-20T10:11:00 IST" duration-ms="2682" status="PASS">
          <reporter-output>
          </reporter-output>
        </test-method> <!-- glass -->
        <test-method signature="charger()[pri:3, instance:test.automation_testing23jan.priorityintestng@5d534f5d]" started-at="2026-02-20T10:11:00 IST" name="charger" finished-at="2026-02-20T10:11:00 IST" duration-ms="136" status="PASS">
          <reporter-output>
          </reporter-output>
        </test-method> <!-- charger -->
        <test-method signature="pen()[pri:4, instance:test.automation_testing23jan.priorityintestng@5d534f5d]" started-at="2026-02-20T10:11:00 IST" name="pen" finished-at="2026-02-20T10:11:00 IST" duration-ms="394" status="PASS">
          <reporter-output>
          </reporter-output>
        </test-method> <!-- pen -->
      </class> <!-- test.automation_testing23jan.priorityintestng -->
      <class name="test.automation_testing23jan.annotation">
        <test-method is-config="true" signature="first()[pri:0, instance:test.automation_testing23jan.annotation@942a29c]" started-at="2026-02-20T10:10:57 IST" name="first" finished-at="2026-02-20T10:10:57 IST" duration-ms="16" status="PASS">
          <reporter-output>
          </reporter-output>
        </test-method> <!-- first -->
        <test-method is-config="true" signature="second()[pri:0, instance:test.automation_testing23jan.annotation@942a29c]" started-at="2026-02-20T10:10:57 IST" name="second" finished-at="2026-02-20T10:10:57 IST" duration-ms="2" status="PASS">
          <reporter-output>
          </reporter-output>
        </test-method> <!-- second -->
      </class> <!-- test.automation_testing23jan.annotation -->
    </test> <!-- Test -->
  </suite> <!-- FCT Suite -->
</testng-results>
