<?xml version="1.0" encoding="UTF-8"?>
<!-- Generated by org.testng.reporters.JUnitXMLReporter -->
<testsuite ignored="0" hostname="DESKTOP-6VNPDG3" failures="0" tests="3" name="Test" time="8.811" errors="0" timestamp="2026-02-18T09:40:46 IST">
  <testcase classname="test.automation_testing23jan.annotation" name="third" time="0.008"/>
  <testcase classname="test.automation_testing23jan.demo_test" name="launch_fct" time="0.006"/>
  <testcase classname="test.automation_testing23jan.orangehrmtest" name="ohrm_launch" time="8.745"/>
</testsuite> <!-- Test -->
