<?xml version="1.0" encoding="UTF-8"?>
<!-- Generated by org.testng.reporters.JUnitReportReporter -->
<testsuite hostname="DESKTOP-6VNPDG3" failures="0" tests="3" name="test.automation_testing23jan.priorityintestng" time="3.212" errors="0" timestamp="2026-02-20T10:11:01 IST" skipped="0">
  <testcase classname="test.automation_testing23jan.priorityintestng" name="glass" time="2.682"/>
  <system-out/>
  <testcase classname="test.automation_testing23jan.priorityintestng" name="charger" time="0.136"/>
  <system-out/>
  <testcase classname="test.automation_testing23jan.priorityintestng" name="pen" time="0.394"/>
  <system-out/>
</testsuite> <!-- test.automation_testing23jan.priorityintestng -->
