<?xml version="1.0" encoding="UTF-8"?>
<!-- Generated by org.testng.reporters.JUnitReportReporter -->
<testsuite hostname="DESKTOP-6VNPDG3" failures="0" tests="3" name="test.automation_testing23jan.dataproviderannotation" time="19.899" errors="0" timestamp="2026-02-19T10:00:05 IST" skipped="0">
  <testcase classname="test.automation_testing23jan.dataproviderannotation" name="login_logout_test" time="5.674"/>
  <system-out/>
  <testcase classname="test.automation_testing23jan.dataproviderannotation" name="login_logout_test" time="4.553"/>
  <system-out/>
  <testcase classname="test.automation_testing23jan.dataproviderannotation" name="login_logout_test" time="9.672"/>
  <system-out/>
</testsuite> <!-- test.automation_testing23jan.dataproviderannotation -->
