<?xml version="1.0" encoding="UTF-8"?>
<!-- Generated by org.testng.reporters.JUnitReportReporter -->
<testsuite hostname="DESKTOP-6VNPDG3" failures="0" tests="3" name="test.automation_testing23jan.multipletestcase" time="0.033" errors="0" timestamp="2026-02-20T09:46:10 IST" skipped="0">
  <testcase classname="test.automation_testing23jan.multipletestcase" name="grocery" time="0.003"/>
  <system-out/>
  <testcase classname="test.automation_testing23jan.multipletestcase" name="fashion" time="0.028"/>
  <system-out/>
  <testcase classname="test.automation_testing23jan.multipletestcase" name="stationary" time="0.002"/>
  <system-out/>
</testsuite> <!-- test.automation_testing23jan.multipletestcase -->
